<?xml version="1.0" encoding="UTF-8"?>
<!-- Generated by org.testng.reporters.JUnitXMLReporter -->
<testsuite hostname="Naveen-Gaddipati" ignored="2" name="Test" tests="12" failures="1" timestamp="2020-11-30T17:54:13 IST" time="161.935" errors="0">
  <testcase name="validate_price" time="50.43" classname="tests.Shopping_Chrome_Test"/>
  <testcase name="validate_dress_title" time="6.399" classname="tests.Shopping_Chrome_Test"/>
  <testcase name="validate_success_message" time="3.223" classname="tests.Shopping_Chrome_Test"/>
  <testcase name="validate_cart_price" time="3.146" classname="tests.Shopping_Chrome_Test"/>
  <testcase name="validate_cart_quantity" time="3.142" classname="tests.Shopping_Chrome_Test"/>
  <testcase name="validate_cart_total" time="4.27" classname="tests.Shopping_Chrome_Test"/>
  <testcase name="validate_price" time="67.276" classname="tests.Shopping_Firefox_Test"/>
  <testcase name="validate_dress_title" time="6.731" classname="tests.Shopping_Firefox_Test"/>
  <testcase name="validate_success_message" time="3.108" classname="tests.Shopping_Firefox_Test"/>
  <testcase name="validate_cart_price" time="3.067" classname="tests.Shopping_Firefox_Test"/>
  <testcase name="validate_cart_quantity" time="0.047" classname="tests.Shopping_Firefox_Test">
    <failure type="java.lang.AssertionError" message="expected [2.0] but found [2]">
      <![CDATA[java.lang.AssertionError: expected [2.0] but found [2]
at tests.Shopping_Firefox_Test.validate_cart_quantity(Shopping_Firefox_Test.java:71)
at java.util.ArrayList.forEach(Unknown Source)
... Removed 33 stack frames]]>
    </failure>
  </testcase> <!-- validate_cart_quantity -->
  <testcase name="validate_cart_total" time="6.263" classname="tests.Shopping_Firefox_Test"/>
  <testcase name="@AfterSuite tearDown" time="0.0" classname="tests.ExtentReportTest">
    <ignored/>
  </testcase> <!-- @AfterSuite tearDown -->
  <testcase name="@BeforeSuite setUp" time="0.0" classname="tests.ExtentReportTest">
    <ignored/>
  </testcase> <!-- @BeforeSuite setUp -->
</testsuite> <!-- Test -->
